[04/25/21 18:05:18] [INFO] Mike_Alvarez ได้ถูกเปลี่ยนชื่อเป็น Alan_Stephen
[04/25/21 18:12:55] [INFO] Alan_Stephen ได้ถูกเปลี่ยนชื่อเป็น Edward_Cullan
[04/25/21 18:14:44] [INFO] Hiroshi_Kenshin ได้ถูกเปลี่ยนชื่อเป็น Alan_Stephen
[04/26/21 15:21:59] [INFO] Brian_Taylor ได้ถูกเปลี่ยนชื่อเป็น Harry_Winson
[04/26/21 16:20:57] [INFO] Harry_Winson ได้ถูกเปลี่ยนชื่อเป็น Brian_Taylor
[04/27/21 14:45:28] [INFO] Edward_Cullan ได้ถูกเปลี่ยนชื่อเป็น Loe_Wilson
[04/27/21 14:56:59] [INFO] Loe_Wilson ได้ถูกเปลี่ยนชื่อเป็น Edward_Cullan
[04/27/21 19:55:52] [INFO] Alan_Stephen ได้ถูกเปลี่ยนชื่อเป็น Barron_Walker
[04/27/21 20:30:25] [INFO] Brian_Taylor ได้ถูกเปลี่ยนชื่อเป็น Harry_Winson
[04/27/21 22:12:05] [INFO] Harry_Winson ได้ถูกเปลี่ยนชื่อเป็น Brian_Taylor
[04/28/21 14:21:38] [INFO] Edward_Cullan ได้ถูกเปลี่ยนชื่อเป็น Harrison_Kamalsio
[04/28/21 19:50:43] [INFO] Harrison_Kamalsio ได้ถูกเปลี่ยนชื่อเป็น Mike_Alvarez
[04/28/21 19:52:27] [INFO] Mike_Alvarez ได้ถูกเปลี่ยนชื่อเป็น Edward_Cullan
[04/29/21 15:35:41] [INFO] Brian_Taylor ได้ถูกเปลี่ยนชื่อเป็น Jason_Withe
[04/29/21 20:52:22] [INFO] Jason_Withe ได้ถูกเปลี่ยนชื่อเป็น Brian_Taylor
[04/29/21 21:21:10] [INFO] Luciano_Vincent ได้ถูกเปลี่ยนชื่อเป็น Anthony_Leonard
[05/27/21 13:05:23] [INFO] Edward_Cullan ได้ถูกเปลี่ยนชื่อเป็น Jacob_Smith
[05/27/21 19:55:58] [INFO] Lincoln_Carson ได้ถูกเปลี่ยนชื่อเป็น Lincoln_Colton
[05/29/21 16:44:55] [INFO] Jacob_Smith ได้ถูกเปลี่ยนชื่อเป็น John_Teller
[05/29/21 17:00:45] [INFO] John_Teller ได้ถูกเปลี่ยนชื่อเป็น Jacob_Smith
[05/29/21 23:34:33] [INFO] Jacob_Smith ได้ถูกเปลี่ยนชื่อเป็น Jason_Smith
