[04/25/21 03:41:38] [INFO] Falcon_Rzarare ได้รับ เงินสด 1072 จาก Fishing
[04/25/21 07:35:51] [INFO] Taseki_Nakoya ได้รับ เงินสด 1111 จาก Fishing
[04/25/21 07:52:12] [INFO] Taseki_Nakoya ได้รับ เงินสด 1091 จาก Fishing
[04/25/21 08:57:50] [INFO] Will_Hunting ได้รับ เงินสด 1009 จาก Fishing
[04/25/21 16:09:09] [INFO] Jacky_Musk ได้รับเงินสด 1819 จาก Treasure
[04/25/21 16:39:33] [INFO] Carlito_Melo ได้รับ เงินสด 1079 จาก Fishing
[04/25/21 16:56:19] [INFO] Carlito_Melo ได้รับ เงินสด 1088 จาก Fishing
[04/25/21 16:56:29] [INFO] Lennon_Holman ได้รับ เงินสด 1188 จาก Fishing
[04/25/21 17:08:07] [INFO] Tobias_Rzarare ได้รับ เงินสด 1172 จาก Fishing
[04/25/21 17:13:52] [INFO] Carlito_Melo ได้รับ เงินสด 1008 จาก Fishing
[04/25/21 17:23:02] [INFO] Edger_Carlos ได้รับ เงินสด 1043 จาก Fishing
[04/25/21 17:37:59] [INFO] Jacky_Musk ได้รับ Paycheck 4188 จาก Garbage
[04/25/21 18:05:48] [INFO] Penguin_Rural ได้รับ เงินสด 1127 จาก Fishing
[04/25/21 18:18:19] [INFO] Will_Hunting ได้รับ เงินสด 1222 จาก Fishing
[04/25/21 18:30:37] [INFO] Penguin_Rural ได้รับ เงินสด 1243 จาก Fishing
[04/25/21 18:47:46] [INFO] Penguin_Rural ได้รับ เงินสด 1268 จาก Fishing
[04/25/21 19:02:12] [INFO] Penguin_Rural ได้รับ เงินสด 1125 จาก Fishing
[04/25/21 19:16:03] [INFO] Penguin_Rural ได้รับ เงินสด 1097 จาก Fishing
[04/25/21 19:37:54] [INFO] Tobias_Santiago ได้รับ Paycheck 4371 จาก Garbage
[04/25/21 19:52:50] [INFO] Carter_Hotel ได้รับ เงินสด 1076 จาก Fishing
[04/25/21 20:12:13] [INFO] Carter_Hotel ได้รับ เงินสด 1125 จาก Fishing
[04/25/21 22:05:08] [INFO] Will_Hunting ได้รับ เงินสด 1214 จาก Fishing
[04/25/21 22:17:39] [INFO] Edger_Carlos ได้รับ เงินสด 1083 จาก Fishing
[04/25/21 22:39:52] [INFO] John_Mcclane ได้รับ Paycheck 55 จาก Farmer
[04/25/21 22:40:29] [INFO] John_Mcclane ได้รับ Paycheck 85 จาก Farmer
[04/25/21 22:41:38] [INFO] John_Mcclane ได้รับ Paycheck 186 จาก Farmer
[04/25/21 22:42:31] [INFO] John_Mcclane ได้รับ Paycheck 143 จาก Farmer
[04/25/21 22:43:51] [INFO] John_Mcclane ได้รับ Paycheck 114 จาก Farmer
[04/25/21 22:44:40] [INFO] John_Mcclane ได้รับ Paycheck 54 จาก Farmer
[04/25/21 22:45:19] [INFO] John_Mcclane ได้รับ Paycheck 134 จาก Farmer
[04/25/21 22:46:23] [INFO] John_Mcclane ได้รับ Paycheck 97 จาก Farmer
[04/25/21 22:47:07] [INFO] John_Mcclane ได้รับ Paycheck 93 จาก Farmer
[04/25/21 22:47:42] [INFO] John_Mcclane ได้รับ Paycheck 157 จาก Farmer
[04/25/21 23:58:21] [INFO] Deshaw_Dexton ได้รับ เงินสด 1254 จาก Fishing
[04/26/21 01:03:14] [INFO] Edmund_Kemper ได้รับ เงินสด 1211 จาก Fishing
[04/26/21 01:21:38] [INFO] Edmund_Kemper ได้รับ เงินสด 1097 จาก Fishing
[04/26/21 03:14:19] [INFO] Edmund_Kemper ได้รับ เงินสด 5023 จาก Fishing
[04/26/21 05:22:59] [INFO] Warren_Wood ได้รับเงินสด 345 จาก Treasure
[04/26/21 06:26:23] [INFO] Deshaw_Dexton ได้รับ Paycheck 1010 จาก Sweeper
[04/26/21 10:10:34] [INFO] Killer_Jackson ได้รับ เงินสด 1272 จาก Fishing
[04/26/21 11:41:30] [INFO] Jacky_Musk ได้รับ Paycheck 4149 จาก Garbage
[04/26/21 11:47:20] [INFO] Killer_Jackson ได้รับ Paycheck 1020 จาก Sweeper
[04/26/21 12:56:05] [INFO] Killer_Jackson ได้รับ Paycheck 1064 จาก Sweeper
[04/26/21 13:06:41] [INFO] Killer_Jackson ได้รับ Paycheck 1031 จาก Sweeper
[04/26/21 13:12:37] [INFO] Killer_Jackson ได้รับ Paycheck 1088 จาก Sweeper
[04/26/21 13:17:37] [INFO] Killer_Jackson ได้รับ Paycheck 1028 จาก Sweeper
[04/26/21 13:31:34] [INFO] Killer_Jackson ได้รับ เงินสด 1215 จาก Fishing
[04/26/21 14:15:51] [INFO] Deshaw_Dexton ได้รับ เงินสด 1081 จาก Fishing
[04/26/21 14:20:46] [INFO] Will_Hunting ได้รับ เงินสด 1254 จาก Fishing
[04/26/21 14:27:31] [INFO] Will_Hunting ได้รับ เงินสด 1221 จาก Fishing
[04/26/21 14:27:33] [INFO] Deshaw_Dexton ได้รับ เงินสด 1249 จาก Fishing
[04/26/21 14:34:17] [INFO] Jacky_Musk ได้รับ เงินสด 1126 จาก Fishing
[04/26/21 15:20:07] [INFO] Jacky_Musk ได้รับ เงินสด 1141 จาก Fishing
[04/26/21 15:41:03] [INFO] Killer_Jackson ได้รับ เงินสด 1238 จาก Fishing
[04/26/21 16:20:37] [INFO] Sergio_Santos ได้รับ เงินสด 1106 จาก Fishing
[04/26/21 16:27:37] [INFO] Lennon_Holman ได้รับ เงินสด 1231 จาก Fishing
[04/26/21 16:31:33] [INFO] Sergio_Santos ได้รับ เงินสด 1098 จาก Fishing
[04/26/21 16:39:40] [INFO] Will_Hunting ได้รับ เงินสด 1099 จาก Fishing
[04/26/21 16:41:03] [INFO] Deshaw_Dexton ได้รับ เงินสด 1225 จาก Fishing
[04/26/21 16:47:27] [INFO] David_Maker ได้รับ เงินสด 1109 จาก Fishing
[04/26/21 16:50:57] [INFO] Deshaw_Dexton ได้รับ เงินสด 1199 จาก Fishing
[04/26/21 17:09:03] [INFO] Will_Hunting ได้รับ เงินสด 1085 จาก Fishing
[04/26/21 17:09:06] [INFO] Deshaw_Dexton ได้รับ เงินสด 1281 จาก Fishing
[04/26/21 17:09:12] [INFO] Quavo_Xavier ได้รับ เงินสด 1148 จาก Fishing
[04/26/21 17:21:29] [INFO] Deshaw_Dexton ได้รับ เงินสด 1151 จาก Fishing
[04/26/21 17:21:32] [INFO] Quavo_Xavier ได้รับ เงินสด 1191 จาก Fishing
[04/26/21 17:21:37] [INFO] Will_Hunting ได้รับ เงินสด 1243 จาก Fishing
[04/26/21 17:30:46] [INFO] Deshaw_Dexton ได้รับ เงินสด 1049 จาก Fishing
[04/26/21 17:30:49] [INFO] Quavo_Xavier ได้รับ เงินสด 1158 จาก Fishing
[04/26/21 17:32:58] [INFO] Will_Hunting ได้รับ เงินสด 1126 จาก Fishing
[04/26/21 17:49:02] [INFO] Deshaw_Dexton ได้รับ เงินสด 1207 จาก Fishing
[04/26/21 17:49:19] [INFO] David_Maker ได้รับ เงินสด 1020 จาก Fishing
[04/26/21 17:49:30] [INFO] Quavo_Xavier ได้รับ เงินสด 1210 จาก Fishing
[04/26/21 18:04:36] [INFO] Quavo_Xavier ได้รับ เงินสด 1131 จาก Fishing
[04/26/21 18:04:40] [INFO] Deshaw_Dexton ได้รับ เงินสด 1114 จาก Fishing
[04/26/21 18:05:07] [INFO] David_Maker ได้รับ เงินสด 732 จาก Fishing
[04/26/21 18:10:35] [INFO] Deshaw_Dexton ได้รับ เงินสด 1245 จาก Fishing
[04/26/21 18:10:36] [INFO] Quavo_Xavier ได้รับ เงินสด 1339 จาก Fishing
[04/26/21 18:12:44] [INFO] Will_Hunting ได้รับ เงินสด 1101 จาก Fishing
[04/26/21 18:12:45] [INFO] Sean_Jordan ได้รับ เงินสด 1175 จาก Fishing
[04/26/21 18:19:28] [INFO] Sean_Jordan ได้รับ เงินสด 1117 จาก Fishing
[04/26/21 18:19:35] [INFO] Deshaw_Dexton ได้รับ เงินสด 1309 จาก Fishing
[04/26/21 18:20:05] [INFO] Quavo_Xavier ได้รับ เงินสด 1250 จาก Fishing
[04/26/21 18:20:23] [INFO] Will_Hunting ได้รับ เงินสด 1134 จาก Fishing
[04/26/21 18:22:07] [INFO] David_Maker ได้รับ เงินสด 1280 จาก Fishing
[04/26/21 18:22:09] [INFO] Room_Conver ได้รับ เงินสด 1236 จาก Fishing
[04/26/21 18:25:50] [INFO] Sean_Jordan ได้รับ เงินสด 1078 จาก Fishing
[04/26/21 18:25:53] [INFO] Quavo_Xavier ได้รับ เงินสด 1166 จาก Fishing
[04/26/21 18:25:58] [INFO] Deshaw_Dexton ได้รับ เงินสด 1230 จาก Fishing
[04/26/21 18:29:45] [INFO] Will_Hunting ได้รับ เงินสด 1242 จาก Fishing
[04/26/21 18:29:46] [INFO] Room_Conver ได้รับ เงินสด 1190 จาก Fishing
[04/26/21 18:33:15] [INFO] Sean_Jordan ได้รับ เงินสด 1041 จาก Fishing
[04/26/21 18:33:16] [INFO] Quavo_Xavier ได้รับ เงินสด 1274 จาก Fishing
[04/26/21 18:37:24] [INFO] Will_Hunting ได้รับ เงินสด 1080 จาก Fishing
[04/26/21 18:37:24] [INFO] Room_Conver ได้รับ เงินสด 1169 จาก Fishing
[04/26/21 18:37:54] [INFO] Lennon_Holman ได้รับ เงินสด 1099 จาก Fishing
[04/26/21 18:41:19] [INFO] Quavo_Xavier ได้รับ เงินสด 1240 จาก Fishing
[04/26/21 18:52:18] [INFO] Carlito_Melo ได้รับ เงินสด 1074 จาก Fishing
[04/26/21 18:52:20] [INFO] Lennon_Holman ได้รับ เงินสด 1131 จาก Fishing
[04/26/21 18:57:52] [INFO] Room_Conver ได้รับ เงินสด 1124 จาก Fishing
[04/26/21 19:02:00] [INFO] Quavo_Xavier ได้รับ เงินสด 1122 จาก Fishing
[04/26/21 19:12:37] [INFO] Deshaw_Dexton ได้รับ เงินสด 5943 จาก Fishing
[04/26/21 19:55:42] [INFO] David_Maker ได้รับ เงินสด 1120 จาก Fishing
[04/26/21 21:17:28] [INFO] Carlito_Melo ได้รับ เงินสด 1098 จาก Fishing
[04/26/21 21:17:32] [INFO] Lennon_Holman ได้รับ เงินสด 1128 จาก Fishing
[04/26/21 21:50:39] [INFO] Tyler_Smith ได้รับ เงินสด 1163 จาก Fishing
[04/26/21 22:09:25] [INFO] Tyler_Smith ได้รับ เงินสด 1020 จาก Fishing
[04/26/21 22:25:21] [INFO] Tyler_Smith ได้รับ เงินสด 1103 จาก Fishing
[04/26/21 22:38:48] [INFO] Tyler_Smith ได้รับ เงินสด 1083 จาก Fishing
[04/27/21 13:44:46] [INFO] Will_Hunting ขาย Freeway ในราคา 25000
[04/27/21 13:46:28] [INFO] Will_Hunting ขาย Berkley's RC Van ในราคา 30000
[04/27/21 15:37:30] [INFO] Martin_Johnson ได้รับ เงินสด 1265 จาก Fishing
[04/27/21 15:45:33] [INFO] Martin_Johnson ได้รับ เงินสด 1033 จาก Fishing
[04/27/21 18:56:49] [INFO] Xiang_Wang ได้รับ เงินสด 964 จาก Fishing
[04/27/21 18:58:33] [INFO] Tommy_Johnson ได้รับ เงินสด 1101 จาก Fishing
[04/27/21 19:51:09] [INFO] Tommy_Johnson ได้รับ เงินสด 1086 จาก Fishing
[04/27/21 20:06:12] [INFO] Tommy_Johnson ได้รับ เงินสด 1235 จาก Fishing
[04/27/21 21:38:01] [INFO] Edmund_Kemper ได้รับ เงินสด 2203 จาก Fishing
[04/28/21 12:53:17] [INFO] Martin_Johnson ได้รับ เงินสด 1153 จาก Fishing
[04/28/21 12:59:05] [INFO] Martin_Johnson ได้รับ เงินสด 1059 จาก Fishing
[04/28/21 18:21:43] [INFO] Martin_Johnson ได้รับ เงินสด 1074 จาก Fishing
[04/28/21 18:34:50] [INFO] Martin_Johnson ได้รับ เงินสด 1191 จาก Fishing
[04/28/21 18:55:58] [INFO] Lennon_Holman ได้รับ เงินสด 1195 จาก Fishing
[04/28/21 19:08:20] [INFO] Lennon_Holman ได้รับ เงินสด 1211 จาก Fishing
[04/28/21 23:15:56] [INFO] Edmund_Kemper ได้รับ เงินสด 6260 จาก Fishing
[04/29/21 00:01:30] [INFO] Deshaw_Dexton ได้รับ Paycheck 110 จาก Farmer
[04/29/21 00:02:08] [INFO] Deshaw_Dexton ได้รับ Paycheck 86 จาก Farmer
[04/29/21 00:02:48] [INFO] Deshaw_Dexton ได้รับ Paycheck 181 จาก Farmer
[04/29/21 11:10:36] [INFO] Killer_Jackson ได้รับ Paycheck 62 จาก Farmer
[04/29/21 11:12:38] [INFO] Killer_Jackson ได้รับ Paycheck 104 จาก Farmer
[04/29/21 11:13:36] [INFO] Killer_Jackson ได้รับ Paycheck 120 จาก Farmer
[04/29/21 11:15:04] [INFO] Killer_Jackson ได้รับ Paycheck 170 จาก Farmer
[04/29/21 11:19:02] [INFO] Killer_Jackson ได้รับ Paycheck 82 จาก Farmer
[04/29/21 11:20:09] [INFO] Killer_Jackson ได้รับ Paycheck 71 จาก Farmer
[04/29/21 11:21:00] [INFO] Killer_Jackson ได้รับ Paycheck 181 จาก Farmer
[04/29/21 11:22:20] [INFO] Killer_Jackson ได้รับ Paycheck 56 จาก Farmer
[04/29/21 11:23:29] [INFO] Killer_Jackson ได้รับ Paycheck 83 จาก Farmer
[04/29/21 11:24:36] [INFO] Killer_Jackson ได้รับ Paycheck 193 จาก Farmer
[04/29/21 17:56:31] [INFO] Arnu_Holand ได้รับ เงินสด 591 จาก Fishing
[04/29/21 18:40:33] [INFO] Deshaw_Dexton ได้รับ เงินสด 31740 จาก Robbery Complete
[04/29/21 18:46:19] [INFO] Arnu_Holand ได้รับ เงินสด 1089 จาก Fishing
[04/29/21 18:56:00] [INFO] Arnu_Holand ได้รับ Paycheck 114 จาก Farmer
[04/29/21 18:56:37] [INFO] Arnu_Holand ได้รับ Paycheck 185 จาก Farmer
[04/29/21 18:57:35] [INFO] Arnu_Holand ได้รับ Paycheck 153 จาก Farmer
[04/29/21 18:58:17] [INFO] Arnu_Holand ได้รับ Paycheck 93 จาก Farmer
[04/29/21 18:59:12] [INFO] Arnu_Holand ได้รับ Paycheck 54 จาก Farmer
[04/29/21 19:00:56] [INFO] Arnu_Holand ได้รับ Paycheck 98 จาก Farmer
[04/29/21 19:02:04] [INFO] Arnu_Holand ได้รับ Paycheck 92 จาก Farmer
[04/29/21 19:03:16] [INFO] Arnu_Holand ได้รับ Paycheck 119 จาก Farmer
[04/29/21 19:04:24] [INFO] Arnu_Holand ได้รับ Paycheck 208 จาก Farmer
[04/29/21 19:05:47] [INFO] Arnu_Holand ได้รับ Paycheck 207 จาก Farmer
[04/29/21 20:27:56] [INFO] Will_Hunting ได้รับ เงินสด 1173 จาก Fishing
[04/29/21 20:30:23] [INFO] Uhcle_Clancy ได้รับ เงินสด 1210 จาก Fishing
[04/29/21 20:40:53] [INFO] Uhcle_Clancy ได้รับ เงินสด 1194 จาก Fishing
[04/29/21 20:51:07] [INFO] Arnu_Holand ได้รับ เงินสด 1039 จาก Fishing
[04/29/21 23:28:29] [INFO] Braelyn_Sparks ได้รับ เงินสด 1097 จาก Fishing
[04/29/21 23:54:22] [INFO] Eric_Alos ได้รับเงินสด 146 จาก Treasure
[04/30/21 01:55:12] [INFO] Edmund_Kemper ได้รับ เงินสด 1087 จาก Fishing
[04/30/21 12:23:32] [INFO] Braelyn_Sparks ได้รับ เงินสด 1159 จาก Fishing
[04/30/21 13:35:13] [INFO] Braelyn_Sparks ได้รับ เงินสด 1297 จาก Fishing
[05/27/21 14:13:07] [INFO] Marcelo_Barbosa ได้รับ เงินสด 1159 จาก Fishing
[05/27/21 14:13:13] [INFO] Braelyn_Sparks ได้รับ เงินสด 1080 จาก Fishing
[05/27/21 14:38:03] [INFO] Arthur_Xavier ได้รับ เงินสด 1014 จาก Fishing
[05/27/21 15:57:25] [INFO] Arthur_Xavier ได้รับ เงินสด 1189 จาก Fishing
[05/27/21 16:12:16] [INFO] Arthur_Xavier ได้รับ เงินสด 1095 จาก Fishing
[05/27/21 16:51:27] [INFO] Arthur_Xavier ได้รับ เงินสด 1075 จาก Fishing
[05/27/21 22:57:57] [INFO] Arthur_Xavier ได้รับ เงินสด 1064 จาก Fishing
[05/27/21 23:06:15] [INFO] Arthur_Xavier ได้รับ เงินสด 1150 จาก Fishing
[05/27/21 23:14:40] [INFO] Arthur_Xavier ได้รับ เงินสด 1092 จาก Fishing
[05/27/21 23:22:19] [INFO] Arthur_Xavier ได้รับ เงินสด 1038 จาก Fishing
[05/28/21 10:25:49] [INFO] Jackson_Park ได้รับ เงินสด 1052 จาก Fishing
[05/28/21 10:53:42] [INFO] Devin_Hotel ได้รับ เงินสด 1257 จาก Fishing
[05/28/21 11:43:11] [INFO] Jona_Thanred ได้รับ เงินสด 1169 จาก Fishing
[05/28/21 12:06:37] [INFO] Jona_Thanred ได้รับ เงินสด 1181 จาก Fishing
[05/28/21 13:25:59] [INFO] Lucas_Anderson ได้รับ เงินสด 1265 จาก Fishing
[05/28/21 14:44:02] [INFO] Devin_Hotel ได้รับ เงินสด 1074 จาก Fishing
[05/28/21 15:28:32] [INFO] Henry_Moseley ได้รับ เงินสด 1264 จาก Fishing
[05/28/21 15:54:15] [INFO] Henry_Moseley ได้รับ เงินสด 1126 จาก Fishing
[05/28/21 18:01:24] [INFO] Terry_Brooks ได้รับ เงินสด 1148 จาก Fishing
[05/28/21 18:37:57] [INFO] Henry_Moseley ได้รับ Paycheck 4199 จาก Garbage
[05/28/21 18:46:23] [INFO] Devin_Hotel ได้รับ เงินสด 1175 จาก Fishing
[05/28/21 18:57:20] [INFO] Devin_Hotel ได้รับ เงินสด 1096 จาก Fishing
[05/28/21 19:04:41] [INFO] Rebecca_Scarlett ได้รับ เงินสด 1191 จาก Fishing
[05/28/21 19:11:47] [INFO] Rebecca_Scarlett ได้รับ เงินสด 1083 จาก Fishing
[05/28/21 19:19:41] [INFO] Rebecca_Scarlett ได้รับ เงินสด 1126 จาก Fishing
[05/28/21 19:21:00] [INFO] Terry_Brooks ได้รับ เงินสด 1253 จาก Fishing
[05/28/21 19:27:11] [INFO] Rebecca_Scarlett ได้รับ เงินสด 1111 จาก Fishing
[05/28/21 19:33:28] [INFO] Lucas_Anderson ได้รับ เงินสด 1183 จาก Fishing
[05/28/21 19:36:46] [INFO] Rebecca_Scarlett ได้รับ เงินสด 1102 จาก Fishing
[05/28/21 19:43:46] [INFO] Rebecca_Scarlett ได้รับ เงินสด 1094 จาก Fishing
[05/28/21 19:48:36] [INFO] Lonnie_Garcia ได้รับ เงินสด 1098 จาก Fishing
[05/28/21 20:08:06] [INFO] Rebecca_Scarlett ได้รับ เงินสด 1197 จาก Fishing
[05/28/21 20:18:29] [INFO] Rebecca_Scarlett ได้รับ เงินสด 1133 จาก Fishing
[05/28/21 20:33:18] [INFO] Rebecca_Scarlett ได้รับ เงินสด 1054 จาก Fishing
[05/28/21 20:37:07] [INFO] Lucas_Anderson ได้รับ เงินสด 1238 จาก Fishing
[05/28/21 20:58:04] [INFO] Henry_Moseley ได้รับ Paycheck 4245 จาก Garbage
[05/28/21 21:46:25] [INFO] Jona_Thanred ได้รับ เงินสด 1121 จาก Fishing
[05/28/21 22:38:26] [INFO] Lucas_Anderson ได้รับ เงินสด 1071 จาก Fishing
[05/29/21 07:59:07] [INFO] Matthew_Johnson ได้รับ เงินสด 1140 จาก Fishing
[05/29/21 08:12:21] [INFO] Henry_Moseley ได้รับ เงินสด 1152 จาก Fishing
[05/29/21 08:18:31] [INFO] Henry_Moseley ได้รับ เงินสด 1078 จาก Fishing
[05/29/21 08:45:35] [INFO] Henry_Moseley ได้รับ Paycheck 4146 จาก Garbage
[05/29/21 09:04:53] [INFO] Henry_Moseley ได้รับ Paycheck 4547 จาก Garbage
[05/29/21 09:06:07] [INFO] Arthur_Xavier ขาย Cheetah ในราคา 425000
[05/29/21 11:06:30] [INFO] Marcelo_Barbosa ได้รับเงินสด 124 จาก Treasure
[05/29/21 12:24:54] [INFO] Henry_Moseley ได้รับ Paycheck 4310 จาก Garbage
[05/29/21 12:28:12] [INFO] Jacob_Smith ขาย Elegy ในราคา 110000
[05/29/21 12:33:12] [INFO] Jacob_Smith ขาย Savanna ในราคา 42500
[05/29/21 12:33:29] [INFO] Jacob_Smith ขาย Wayfarer ในราคา 25000
[05/29/21 12:36:42] [INFO] Jacob_Smith ขาย Taxi ในราคา 22500
[05/29/21 12:38:51] [INFO] Jacob_Smith ขาย Dinghy ในราคา 10000
[05/29/21 12:43:52] [INFO] Henry_Moseley ได้รับ Paycheck 4351 จาก Garbage
[05/29/21 13:04:10] [INFO] Henry_Moseley ได้รับ Paycheck 4180 จาก Garbage
[05/29/21 13:37:12] [INFO] Henry_Moseley ได้รับ Paycheck 4324 จาก Garbage
[05/29/21 14:11:32] [INFO] Henry_Moseley ได้รับ เงินสด 5390 จาก Fishing
[05/29/21 14:29:50] [INFO] Henry_Moseley ได้รับ เงินสด 5415 จาก Fishing
[05/29/21 15:05:05] [INFO] Henry_Moseley ได้รับ เงินสด 5624 จาก Fishing
[05/29/21 16:20:27] [INFO] Rebecca_Scarlett ได้รับ เงินสด 1263 จาก Fishing
[05/29/21 16:31:32] [INFO] Rebecca_Scarlett ได้รับ เงินสด 1155 จาก Fishing
[05/29/21 16:38:32] [INFO] Rebecca_Scarlett ได้รับ เงินสด 1069 จาก Fishing
[05/29/21 16:45:37] [INFO] Rebecca_Scarlett ได้รับ เงินสด 1041 จาก Fishing
[05/29/21 16:48:41] [INFO] Henry_Moseley ได้รับ เงินสด 5217 จาก Fishing
[05/29/21 16:52:54] [INFO] Rebecca_Scarlett ได้รับ เงินสด 1128 จาก Fishing
[05/29/21 17:00:43] [INFO] Rebecca_Scarlett ได้รับ เงินสด 1100 จาก Fishing
[05/29/21 17:08:37] [INFO] Rebecca_Scarlett ได้รับ เงินสด 1213 จาก Fishing
[05/29/21 17:09:48] [INFO] Henry_Moseley ได้รับ เงินสด 5840 จาก Fishing
[05/29/21 17:16:38] [INFO] Rebecca_Scarlett ได้รับ เงินสด 1122 จาก Fishing
[05/29/21 17:21:12] [INFO] Stafan_Chilly ได้รับ เงินสด 1203 จาก Fishing
[05/29/21 18:02:57] [INFO] Arthur_Xavier ได้รับ เงินสด 1105 จาก Fishing
[05/29/21 18:18:33] [INFO] Arthur_Xavier ได้รับ เงินสด 1119 จาก Fishing
[05/29/21 19:34:35] [INFO] Henry_Burn ขาย Tampa ในราคา 19000
[05/29/21 19:35:08] [INFO] Jaymore_Johnson ขาย Savanna ในราคา 42500
[05/29/21 19:35:48] [INFO] Jaymore_Johnson ขาย Tow Truck ในราคา 15000
[05/29/21 20:29:20] [INFO] Henry_Moseley ได้รับ เงินสด 5179 จาก Fishing
[05/29/21 20:45:47] [INFO] Henry_Moseley ได้รับ เงินสด 5168 จาก Fishing
[05/29/21 20:48:42] [INFO] Arthur_Xavier ได้รับ เงินสด 1155 จาก Fishing
[05/29/21 21:22:52] [INFO] Rebecca_Scarlett ได้รับ เงินสด 5483 จาก Fishing
[05/29/21 21:41:43] [INFO] Henry_Moseley ได้รับ เงินสด 5590 จาก Fishing
[05/29/21 21:43:43] [INFO] Rebecca_Scarlett ได้รับ เงินสด 5678 จาก Fishing
[05/29/21 21:56:40] [INFO] Henry_Moseley ได้รับ เงินสด 5148 จาก Fishing
[05/29/21 21:59:22] [INFO] Rebecca_Scarlett ได้รับ เงินสด 5803 จาก Fishing
[05/29/21 22:13:39] [INFO] Henry_Moseley ได้รับ เงินสด 5916 จาก Fishing
[05/29/21 22:40:19] [INFO] Bobby_Gerry ขาย Elegy ในราคา 110000
