[04/25/21 03:33:25] [INFO] Thomas_Vanlatinaz ให้เงินให้กับ Omar_Bailey จำนวน 15000
[04/25/21 03:34:58] [INFO] Omar_Bailey ให้เงินให้กับ Buakaw_Matthew จำนวน 30000
[04/25/21 06:59:59] [INFO] Warren_Wood ขาย Primo ในราคา $1 ให้กับ Ricky_Wei
[04/25/21 08:02:50] [INFO] Nyner_Mcwood ให้เงินให้กับ Ricky_Wei จำนวน 11000
[04/25/21 08:04:25] [INFO] Nyner_Mcwood ให้เงินให้กับ Ricky_Wei จำนวน 100000
[04/25/21 08:08:05] [INFO] Ricky_Wei ให้เงินให้กับ Taseki_Nakoya จำนวน 1000
[04/25/21 10:41:16] [INFO] Carlito_Melo ให้เงินให้กับ Sergio_Santos จำนวน 2000
[04/25/21 10:41:28] [INFO] Carlito_Melo ให้เงินให้กับ Sergio_Santos จำนวน 2000
[04/25/21 11:00:19] [INFO] David_Mashell ให้เงินให้กับ Carlito_Melo จำนวน 1000
[04/25/21 11:01:43] [INFO] Thomas_Vanlatinaz ให้เงินให้กับ Joseph_Stalin จำนวน 400
[04/25/21 11:09:31] [INFO] Joseph_Stalin ให้เงินให้กับ Thomas_Vanlatinaz จำนวน 400
[04/25/21 12:09:35] [INFO] Francisco_Santos ให้เงินให้กับ Sergio_Santos จำนวน 5
[04/25/21 12:10:17] [INFO] Carlito_Melo ให้เงินให้กับ Sergio_Santos จำนวน 1000
[04/25/21 12:28:49] [INFO] Hiroshi_Kenshin ให้เงินให้กับ Warren_Wood จำนวน 350
[04/25/21 12:29:53] [INFO] Lennon_Holman ให้เงินให้กับ Francisco_Santos จำนวน 10
[04/25/21 12:59:45] [INFO] Cesar_Verlasquez ให้เงินให้กับ Francisco_Santos จำนวน 350
[04/25/21 14:18:50] [INFO] Yuan_Jiang ให้เงินให้กับ Oscar_Zhou จำนวน 450
[04/25/21 14:29:06] [INFO] Mike_Alvarez ให้เงินให้กับ Oscar_Zhou จำนวน 2000
[04/25/21 16:01:09] [INFO] Hiroshi_Kenshin ให้เงินให้กับ David_Maker จำนวน 4000
[04/25/21 16:19:23] [INFO] Cesar_Verlasquez ให้เงินให้กับ Francisco_Santos จำนวน 360
[04/25/21 16:27:27] [INFO] Joseph_Stalin ให้เงินให้กับ Adam_Toleto จำนวน 5
[04/25/21 16:27:31] [INFO] Joseph_Stalin ให้เงินให้กับ Adam_Toleto จำนวน 5
[04/25/21 16:27:31] [INFO] Joseph_Stalin ให้เงินให้กับ Adam_Toleto จำนวน 5
[04/25/21 16:35:36] [INFO] Will_Hunting ให้เงินให้กับ David_Maker จำนวน 30000
[04/25/21 16:51:33] [INFO] Warren_Wood ให้เงินให้กับ Yuan_Jiang จำนวน 9000
[04/25/21 16:51:34] [INFO] Oscar_Zhou ให้เงินให้กับ Yuan_Jiang จำนวน 5000
[04/25/21 17:45:14] [INFO] Penguin_Rural ให้เงินให้กับ Thomas_Vanlatinaz จำนวน 900
[04/25/21 17:45:31] [INFO] Penguin_Rural ให้เงินให้กับ Thomas_Vanlatinaz จำนวน 1000
[04/25/21 17:48:16] [INFO] Mike_Alvarez ให้เงินให้กับ Falcon_Rzarare จำนวน 2000
[04/25/21 18:12:52] [INFO] Will_Hunting ให้เงินให้กับ David_Maker จำนวน 1200
[04/25/21 18:25:18] [INFO] Will_Hunting ให้เงินให้กับ David_Maker จำนวน 3800
[04/25/21 18:29:38] [INFO] Omar_Bailey ให้เงินให้กับ Thomas_Vanlatinaz จำนวน 2000
[04/25/21 18:33:03] [INFO] David_Maker ให้เงินให้กับ Will_Hunting จำนวน 55
[04/25/21 18:35:18] [INFO] Falcon_Rzarare ให้เงินให้กับ Deshaw_Dexton จำนวน 63792
[04/25/21 18:36:29] [INFO] Falcon_Rzarare ให้เงินให้กับ Deshaw_Dexton จำนวน 6000
[04/25/21 18:37:39] [INFO] Alan_Stephen ให้เงินให้กับ Xiang_Luan จำนวน 5
[04/25/21 18:38:55] [INFO] Omar_Bailey ให้เงินให้กับ Thomas_Vanlatinaz จำนวน 1000
[04/25/21 18:40:21] [INFO] Will_Hunting ให้เงินให้กับ David_Maker จำนวน 800
[04/25/21 18:49:45] [INFO] Deshaw_Dexton ให้เงินให้กับ Sean_Jordan จำนวน 30000
[04/25/21 18:55:56] [INFO] David_Maker ให้เงินให้กับ Deshaw_Dexton จำนวน 21
[04/25/21 19:06:35] [INFO] Thomas_Vanlatinaz ให้เงินให้กับ Buakaw_Matthew จำนวน 10000
[04/25/21 19:06:58] [INFO] Edward_Cullan ให้เงินให้กับ Charlie_Beck จำนวน 10000
[04/25/21 19:36:40] [INFO] Matin_Negros ให้เงินให้กับ Ethan_Edwold จำนวน 350
[04/25/21 19:36:40] [INFO] Yuan_Jiang ให้เงินให้กับ Alan_Stephen จำนวน 500
[04/25/21 19:39:21] [INFO] Buakaw_Matthew ให้เงินให้กับ Bishop_Baker จำนวน 1500
[04/25/21 19:39:37] [INFO] Bishop_Baker ให้เงินให้กับ Buakaw_Matthew จำนวน 1500
[04/25/21 19:53:12] [INFO] Tyrell_Daniels ให้เงินให้กับ Zac_Atkinson จำนวน 20000
[04/25/21 20:18:56] [INFO] Alan_Stephen ให้เงินให้กับ Thomas_Vanlatinaz จำนวน 500
[04/25/21 20:25:55] [INFO] Sean_Jordan ให้เงินให้กับ Deshaw_Dexton จำนวน 10000
[04/25/21 20:54:57] [INFO] Edward_Cullan ให้เงินให้กับ Ricky_Wei จำนวน 60000
[04/25/21 20:56:01] [INFO] Edward_Cullan ให้เงินให้กับ Ricky_Wei จำนวน 20000
[04/25/21 20:56:29] [INFO] Ricky_Wei ให้เงินให้กับ Edward_Cullan จำนวน 80000
[04/25/21 20:57:39] [INFO] Thomas_Vanlatinaz ให้เงินให้กับ Omar_Bailey จำนวน 2000
[04/25/21 21:05:53] [INFO] Warren_Wood ให้เงินให้กับ Jacob_Hoheng จำนวน 10000
[04/25/21 21:09:01] [INFO] Edward_Cullan ให้เงินให้กับ Ricky_Wei จำนวน 20000
[04/25/21 21:46:46] [INFO] Warren_Wood ให้เงินให้กับ Jacob_Hoheng จำนวน 5000
[04/25/21 21:47:03] [INFO] Ricky_Wei ให้เงินให้กับ Jacob_Hoheng จำนวน 30000
[04/25/21 22:01:23] [INFO] David_Maker ให้เงินให้กับ Jacky_Musk จำนวน 3500
[04/25/21 22:10:49] [INFO] David_Maker ให้เงินให้กับ Jacky_Musk จำนวน 6000
[04/25/21 22:31:20] [INFO] David_Maker ให้เงินให้กับ Deshaw_Dexton จำนวน 4000
[04/25/21 22:31:43] [INFO] David_Maker ให้เงินให้กับ Deshaw_Dexton จำนวน 1997
[04/25/21 22:35:40] [INFO] David_Maker ให้เงินให้กับ Ryder_Wilson จำนวน 3000
[04/25/21 22:39:10] [INFO] Ricky_Wei ให้เงินให้กับ Jacky_Musk จำนวน 1000
[04/25/21 22:41:46] [INFO] Edger_Carlos ให้เงินให้กับ Sergio_Santos จำนวน 5
[04/25/21 23:00:16] [INFO] Warren_Wood ให้เงินให้กับ Xiang_Wang จำนวน 5000
[04/25/21 23:11:51] [INFO] Ricky_Wei ให้เงินให้กับ Warren_Wood จำนวน 30000
[04/25/21 23:21:46] [INFO] Yared_Wilbert ให้เงินให้กับ Jimmy_Ryan จำนวน 350
[04/25/21 23:27:59] [INFO] Ricky_Wei ให้เงินให้กับ Timmy_Xiong จำนวน 200
[04/25/21 23:55:39] [INFO] Yared_Wilbert ให้เงินให้กับ Deshaw_Dexton จำนวน 350
[04/26/21 00:22:13] [INFO] Falcon_Rzarare ให้เงินให้กับ Deshaw_Dexton จำนวน 10000
[04/26/21 00:36:47] [INFO] Edward_Cullan ให้เงินให้กับ Xiang_Wang จำนวน 4000
[04/26/21 00:37:06] [INFO] Edward_Cullan ให้เงินให้กับ Ricky_Wei จำนวน 4000
[04/26/21 00:47:43] [INFO] Deshaw_Dexton ให้เงินให้กับ Sean_Jordan จำนวน 5000
[04/26/21 00:48:01] [INFO] Deshaw_Dexton ให้เงินให้กับ Sean_Jordan จำนวน 9000
[04/26/21 01:11:20] [INFO] Dion_Armando ให้เงินให้กับ Xiang_Wang จำนวน 200
[04/26/21 01:11:49] [INFO] Aiko_Chinatsu ให้เงินให้กับ Yuan_Jiang จำนวน 299
[04/26/21 01:19:37] [INFO] Xiang_Wang ให้เงินให้กับ Yuan_Jiang จำนวน 100
[04/26/21 01:24:40] [INFO] Dion_Armando ให้เงินให้กับ Xiang_Wang จำนวน 500
[04/26/21 01:25:20] [INFO] Xiang_Wang ให้เงินให้กับ Yuan_Jiang จำนวน 250
[04/26/21 02:07:33] [INFO] Xiang_Wang ให้เงินให้กับ Yuan_Jiang จำนวน 1
[04/26/21 02:07:38] [INFO] Xiang_Wang ให้เงินให้กับ Yuan_Jiang จำนวน 9
[04/26/21 02:07:39] [INFO] Xiang_Wang ให้เงินให้กับ Yuan_Jiang จำนวน 9
[04/26/21 02:08:59] [INFO] Yuan_Jiang ให้เงินให้กับ Xiang_Wang จำนวน 1
[04/26/21 02:09:00] [INFO] Yuan_Jiang ให้เงินให้กับ Xiang_Wang จำนวน 1
[04/26/21 02:09:00] [INFO] Yuan_Jiang ให้เงินให้กับ Xiang_Wang จำนวน 1
[04/26/21 02:09:01] [INFO] Yuan_Jiang ให้เงินให้กับ Xiang_Wang จำนวน 1
[04/26/21 02:09:02] [INFO] Yuan_Jiang ให้เงินให้กับ Xiang_Wang จำนวน 1
[04/26/21 06:03:02] [INFO] Nyner_Mcwood ให้เงินให้กับ Ricky_Wei จำนวน 20000
[04/26/21 06:03:07] [INFO] Nyner_Mcwood ให้ Score ให้กับ Ricky_Wei จำนวน 7
[04/26/21 07:32:03] [INFO] Warren_Wood ให้เงินแดงให้กับ Seny_Dexweed จำนวน 1
[04/26/21 07:59:24] [INFO] Warren_Wood ให้เงินให้กับ Tommy_Shelby จำนวน 350
[04/26/21 12:04:12] [INFO] Thomas_Vanlatinaz ให้เงินให้กับ Omar_Bailey จำนวน 500
[04/26/21 12:39:49] [INFO] Ricky_Wei ให้เงินให้กับ Warren_Wood จำนวน 3000
[04/26/21 13:30:09] [INFO] Jacky_Musk ให้เงินให้กับ David_Maker จำนวน 30
[04/26/21 13:56:06] [INFO] Jacob_Hoheng ให้เงินให้กับ Yuan_Jiang จำนวน 1
[04/26/21 13:56:11] [INFO] Jacob_Hoheng ให้เงินให้กับ Yuan_Jiang จำนวน 500
[04/26/21 13:56:13] [INFO] Jacob_Hoheng ให้เงินให้กับ Yuan_Jiang จำนวน 499
[04/26/21 13:56:38] [INFO] Jacob_Hoheng ให้เงินให้กับ Yuan_Jiang จำนวน 500
[04/26/21 14:05:43] [INFO] Jacky_Musk ให้เงินให้กับ Deshaw_Dexton จำนวน 2000
[04/26/21 14:05:45] [INFO] Ricky_Wei ให้เงินให้กับ Yuan_Jiang จำนวน 10000
[04/26/21 14:05:46] [INFO] Warren_Wood ให้เงินให้กับ Yuan_Jiang จำนวน 16855
[04/26/21 14:06:17] [INFO] Buakaw_Matthew ให้เงินให้กับ Thomas_Vanlatinaz จำนวน 15000
[04/26/21 14:12:46] [INFO] Ricky_Wei ให้เงินให้กับ Warren_Wood จำนวน 1500
[04/26/21 14:23:13] [INFO] Jacob_Hoheng ให้เงินให้กับ Warren_Wood จำนวน 250
[04/26/21 14:23:17] [INFO] Yuan_Jiang ให้เงินให้กับ Warren_Wood จำนวน 1000
[04/26/21 14:26:08] [INFO] Jacob_Hoheng ให้เงินให้กับ Warren_Wood จำนวน 1000
[04/26/21 14:45:28] [INFO] Deshaw_Dexton ให้เงินให้กับ Quavo_Xavier จำนวน 500
[04/26/21 14:59:13] [INFO] Killer_Jackson ให้เงินให้กับ Carlito_Melo จำนวน 2000
[04/26/21 15:12:43] [INFO] Will_Hunting ให้เงินให้กับ Jacky_Musk จำนวน 2000
[04/26/21 15:18:04] [INFO] Will_Hunting ให้เงินให้กับ Room_Conver จำนวน 900
[04/26/21 15:26:57] [INFO] Cesar_Verlasquez ให้เงินให้กับ Carlito_Melo จำนวน 100
[04/26/21 15:27:52] [INFO] Will_Hunting ให้เงินให้กับ Quavo_Xavier จำนวน 300
[04/26/21 15:42:24] [INFO] Ryder_Wilson ให้เงินให้กับ Deshaw_Dexton จำนวน 20000
[04/26/21 15:52:38] [INFO] Ryder_Wilson ให้เงินให้กับ David_Maker จำนวน 1200
[04/26/21 16:20:57] [INFO] Luis_Cisneros ให้เงินให้กับ Jacob_Hoheng จำนวน 50000
[04/26/21 16:23:02] [INFO] Jacob_Hoheng ให้เงินให้กับ Yuan_Jiang จำนวน 10000
[04/26/21 16:24:04] [INFO] Jacob_Hoheng ให้เงินให้กับ Yuan_Jiang จำนวน 4
[04/26/21 16:24:22] [INFO] Jacob_Hoheng ให้เงินให้กับ Yuan_Jiang จำนวน 37777
[04/26/21 16:24:36] [INFO] Jacob_Hoheng ให้เงินให้กับ Yuan_Jiang จำนวน 1000
[04/26/21 16:26:31] [INFO] Omar_Bailey ให้เงินให้กับ Penguin_Rural จำนวน 5000
[04/26/21 16:27:31] [INFO] Penguin_Rural ให้เงินให้กับ Omar_Bailey จำนวน 10000
[04/26/21 16:27:59] [INFO] Penguin_Rural ให้เงินให้กับ Omar_Bailey จำนวน 500
[04/26/21 16:29:51] [INFO] Penguin_Rural ให้เงินให้กับ Omar_Bailey จำนวน 2000
[04/26/21 16:50:22] [INFO] Dion_Armando ให้เงินให้กับ Brian_Taylor จำนวน 6000
[04/26/21 16:50:28] [INFO] Brian_Taylor ให้เงินให้กับ Boston_Vinson จำนวน 6000
[04/26/21 16:53:08] [INFO] Boston_Vinson ให้เงินให้กับ Jason_Calopitas จำนวน 3000
[04/26/21 16:53:47] [INFO] Xiang_Wang ให้เงินให้กับ Alan_Stephen จำนวน 500
[04/26/21 16:55:41] [INFO] Edger_Carlos ให้เงินให้กับ Carter_Hotel จำนวน 2000
[04/26/21 16:59:09] [INFO] Edger_Carlos ให้เงินให้กับ Carter_Hotel จำนวน 950
[04/26/21 17:05:23] [INFO] Will_Hunting ให้เงินให้กับ Charlie_Beck จำนวน 150
[04/26/21 17:09:18] [INFO] Carlito_Melo ให้เงินให้กับ Carter_Hotel จำนวน 3000
[04/26/21 17:13:15] [INFO] Edger_Carlos ให้เงินให้กับ Room_Conver จำนวน 5000
[04/26/21 17:14:36] [INFO] Jacky_Musk ให้เงินให้กับ Room_Conver จำนวน 500
[04/26/21 17:22:28] [INFO] Jason_Calopitas ให้เงินให้กับ Boston_Vinson จำนวน 1000
[04/26/21 17:32:32] [INFO] Lennon_Holman ให้เงินให้กับ Carlito_Melo จำนวน 250
[04/26/21 18:06:35] [INFO] Xiang_Wang ให้เงินให้กับ Warren_Wood จำนวน 100
[04/26/21 18:09:08] [INFO] Cesar_Verlasquez ให้เงินให้กับ Carlito_Melo จำนวน 400
[04/26/21 18:27:16] [INFO] Will_Hunting ให้เงินให้กับ Deshaw_Dexton จำนวน 5000
[04/26/21 18:27:20] [INFO] David_Maker ให้เงินให้กับ Deshaw_Dexton จำนวน 4
[04/26/21 18:27:31] [INFO] David_Maker ให้เงินให้กับ Deshaw_Dexton จำนวน 4000
[04/26/21 19:22:59] [INFO] Deshaw_Dexton ให้เงินให้กับ Quavo_Xavier จำนวน 2000
[04/26/21 20:58:47] [INFO] Will_Hunting ให้เงินให้กับ Deshaw_Dexton จำนวน 35000
[04/26/21 22:30:09] [INFO] David_Maker ให้เงินให้กับ Deshaw_Dexton จำนวน 65000
[04/26/21 22:37:59] [INFO] Buakaw_Matthew ให้เงินให้กับ Deshaw_Dexton จำนวน 1000
[04/26/21 23:08:46] [INFO] Lennon_Holman ให้เงินให้กับ Carlito_Melo จำนวน 2000
[04/26/21 23:23:11] [INFO] Yuan_Jiang ให้เงินให้กับ Harvey_Knight จำนวน 1000
[04/27/21 00:00:53] [INFO] Boston_Vinson ให้เงินให้กับ Zac_Atkinson จำนวน 300
[04/27/21 00:01:16] [INFO] Reggie_Ajex ให้เงินให้กับ Dion_Armando จำนวน 1800
[04/27/21 00:18:48] [INFO] Reggie_Ajex ให้เงินให้กับ Alan_Stephen จำนวน 1800
[04/27/21 02:23:19] [INFO] Sean_Jordan ให้เงินให้กับ Tyler_Smith จำนวน 2000
[04/27/21 05:35:25] [INFO] Nyner_Mcwood ให้เงินให้กับ Warren_Wood จำนวน 1550
[04/27/21 05:37:25] [INFO] Cesar_Verlasquez ให้เงินให้กับ Warren_Wood จำนวน 70
[04/27/21 08:05:46] [INFO] Warren_Wood ให้เงินให้กับ Tobias_Rzarare จำนวน 25000
[04/27/21 09:20:15] [INFO] Warren_Wood ให้เงินให้กับ Carter_Hotel จำนวน 30000
[04/27/21 09:22:12] [INFO] Warren_Wood ให้เงินให้กับ Carter_Hotel จำนวน 20000
[04/27/21 09:56:23] [INFO] Deshaw_Dexton ให้เงินให้กับ Thomas_Vanlatinaz จำนวน 100000
[04/27/21 11:16:51] [INFO] Will_Hunting ให้เงินให้กับ David_Maker จำนวน 22000
[04/27/21 11:29:48] [INFO] Will_Hunting ให้เงินให้กับ David_Maker จำนวน 2500
[04/27/21 11:32:04] [INFO] David_Maker ให้เงินให้กับ Deshaw_Dexton จำนวน 80000
[04/27/21 11:35:45] [INFO] David_Maker ให้เงินให้กับ Deshaw_Dexton จำนวน 5000
[04/27/21 12:40:13] [INFO] David_Maker ให้เงินให้กับ Tyler_Smith จำนวน 480
[04/27/21 12:41:26] [INFO] Jacky_Musk ให้เงินให้กับ Cody_Hamilton จำนวน 10
[04/27/21 13:02:30] [INFO] Will_Hunting ให้เงินให้กับ David_Maker จำนวน 5
[04/27/21 13:19:01] [INFO] Warren_Wood ให้เงินให้กับ Jacob_Hoheng จำนวน 2000
[04/27/21 13:27:22] [INFO] Quavo_Xavier ให้เงินให้กับ Deshaw_Dexton จำนวน 1
[04/27/21 13:32:36] [INFO] Warren_Wood ให้เงินให้กับ Tobias_Rzarare จำนวน 25000
[04/27/21 13:47:21] [INFO] Will_Hunting ให้เงินให้กับ Deshaw_Dexton จำนวน 35000
[04/27/21 13:55:50] [INFO] Will_Hunting ให้เงินให้กับ Ryder_Wilson จำนวน 1
[04/27/21 13:55:55] [INFO] Will_Hunting ให้เงินให้กับ Ryder_Wilson จำนวน 10000
[04/27/21 14:00:48] [INFO] Will_Hunting ให้เงินให้กับ Deshaw_Dexton จำนวน 5000
[04/27/21 14:06:04] [INFO] David_Maker ขาย Freeway ในราคา $1,000 ให้กับ Ryder_Wilson
[04/27/21 14:07:55] [INFO] David_Maker ขาย Tow Truck ในราคา $100 ให้กับ Cody_Hamilton
[04/27/21 14:11:29] [INFO] Deshaw_Dexton ให้เงินให้กับ Thomas_Vanlatinaz จำนวน 35000
[04/27/21 14:39:33] [INFO] Johndoe_Eazy ให้เงินให้กับ Deshaw_Dexton จำนวน 500
[04/27/21 14:52:50] [INFO] Edger_Carlos ให้เงินให้กับ Carter_Hotel จำนวน 1
[04/27/21 15:46:34] [INFO] Jacky_Musk ให้เงินให้กับ Deshaw_Dexton จำนวน 35000
[04/27/21 15:54:01] [INFO] Thomas_Vanlatinaz ให้เงินให้กับ Omar_Bailey จำนวน 10000
[04/27/21 16:04:10] [INFO] Room_Conver ให้เงินให้กับ Deshaw_Dexton จำนวน 35000
[04/27/21 16:14:00] [INFO] Thomas_Vanlatinaz ให้ Score ให้กับ Edward_Cullan จำนวน 100
[04/27/21 16:17:15] [INFO] Omar_Bailey ให้ Score ให้กับ Thomas_Vanlatinaz จำนวน 1
[04/27/21 16:33:34] [INFO] Edward_Cullan ให้ Point ให้กับ Brian_Taylor จำนวน 100
[04/27/21 16:35:42] [INFO] Edward_Cullan ให้ Point ให้กับ Thomas_Vanlatinaz จำนวน 100
[04/27/21 17:10:44] [INFO] Edward_Cullan ให้ Point ให้กับ Tyrell_Daniels จำนวน 300
[04/27/21 17:13:11] [INFO] Cesar_Verlasquez ให้เงินให้กับ Tyler_Smith จำนวน 1000
[04/27/21 17:39:01] [INFO] Alan_Stephen ให้เงินให้กับ Tyler_Smith จำนวน 500
[04/27/21 18:48:37] [INFO] Deshaw_Dexton ให้เงินให้กับ Jacky_Musk จำนวน 35000
[04/27/21 19:05:25] [INFO] Dion_Armando ให้เงินให้กับ Remondo_Veneziano จำนวน 30000
[04/27/21 19:43:57] [INFO] David_Maker ให้เงินให้กับ Cody_Hamilton จำนวน 5000
[04/27/21 19:55:49] [INFO] Omar_Bailey ให้เงินให้กับ Thomas_Vanlatinaz จำนวน 5000
[04/27/21 19:56:12] [INFO] Omar_Bailey ให้เงินให้กับ Thomas_Vanlatinaz จำนวน 5000
[04/27/21 19:56:23] [INFO] Dion_Armando ให้เงินให้กับ Remondo_Veneziano จำนวน 20000
[04/27/21 19:58:00] [INFO] Remondo_Veneziano ให้เงินให้กับ Parasha_Orlenda จำนวน 20000
[04/27/21 20:20:07] [INFO] Ricky_Wei ให้เงินให้กับ Jacob_Hoheng จำนวน 400
[04/27/21 20:22:20] [INFO] Thomas_Vanlatinaz ให้เงินให้กับ Omar_Bailey จำนวน 7500
[04/27/21 20:30:13] [INFO] Brian_Taylor ให้ Score ให้กับ Edward_Cullan จำนวน 500
[04/27/21 21:24:08] [INFO] Dion_Armando ให้เงินให้กับ Remondo_Veneziano จำนวน 10000
[04/27/21 21:24:51] [INFO] Parasha_Orlenda ให้เงินให้กับ Remondo_Veneziano จำนวน 20000
[04/27/21 22:09:38] [INFO] Parasha_Orlenda ให้เงินให้กับ Thomas_Vanlatinaz จำนวน 20000
[04/27/21 22:10:41] [INFO] Remondo_Veneziano ให้เงินให้กับ Thomas_Vanlatinaz จำนวน 20000
[04/27/21 22:13:27] [INFO] Jacky_Musk ให้เงินให้กับ Killer_Jackson จำนวน 100
[04/27/21 22:26:29] [INFO] Quavo_Xavier ให้เงินให้กับ Deshaw_Dexton จำนวน 19000
[04/27/21 22:29:25] [INFO] Killer_Jackson ให้เงินให้กับ Carlito_Melo จำนวน 5000
[04/27/21 22:35:33] [INFO] Will_Hunting ให้เงินให้กับ David_Maker จำนวน 2000
[04/27/21 22:40:03] [INFO] Martin_Johnson ให้เงินให้กับ Tommy_Johnson จำนวน 900
[04/27/21 22:41:32] [INFO] Martin_Johnson ให้เงินให้กับ Tommy_Johnson จำนวน 500
[04/27/21 23:00:48] [INFO] David_Maker ให้เงินให้กับ Deshaw_Dexton จำนวน 70000
[04/27/21 23:06:16] [INFO] David_Maker ให้เงินให้กับ Deshaw_Dexton จำนวน 5000
[04/27/21 23:06:39] [INFO] Deshaw_Dexton ให้เงินให้กับ Will_Hunting จำนวน 14000
[04/27/21 23:32:19] [INFO] Yuan_Jiang ให้เงินให้กับ Jacob_Hoheng จำนวน 1000
[04/27/21 23:37:48] [INFO] Thomas_Vanlatinaz ขาย Benson ในราคา $1 ให้กับ Parasha_Orlenda
[04/27/21 23:38:04] [INFO] Thomas_Vanlatinaz ให้เงินให้กับ Parasha_Orlenda จำนวน 10000
[04/28/21 00:29:03] [INFO] Edward_Cullan ให้ Point ให้กับ Doing_Moken จำนวน 150
[04/28/21 00:29:46] [INFO] Edward_Cullan ให้ Point ให้กับ Doing_Moken จำนวน 150
[04/28/21 05:13:07] [INFO] Luis_Cisneros ให้เงินให้กับ Ricky_Wei จำนวน 50000
[04/28/21 06:32:32] [INFO] Blick_Bellix ให้เงินให้กับ Tommy_Yun จำนวน 70
[04/28/21 12:01:13] [INFO] Tommy_Johnson ให้เงินให้กับ Martin_Johnson จำนวน 1000
[04/28/21 12:33:40] [INFO] Jimmy_Ryan ให้เงินให้กับ Carlito_Melo จำนวน 1500
[04/28/21 13:16:12] [INFO] Deshaw_Dexton ให้เงินให้กับ Will_Hunting จำนวน 1000
[04/28/21 13:16:49] [INFO] Deshaw_Dexton ให้เงินให้กับ Will_Hunting จำนวน 7000
[04/28/21 13:16:55] [INFO] Deshaw_Dexton ให้เงินให้กับ David_Maker จำนวน 7000
[04/28/21 14:28:37] [INFO] Will_Hunting ให้เงินให้กับ Deshaw_Dexton จำนวน 15000
[04/28/21 14:49:22] [INFO] Parasha_Orlenda ขาย Benson ในราคา $1 ให้กับ Thomas_Vanlatinaz
[04/28/21 14:51:43] [INFO] Parasha_Orlenda ให้เงินให้กับ Thomas_Vanlatinaz จำนวน 10000
[04/28/21 15:12:53] [INFO] Deshaw_Dexton ให้เงินให้กับ Dixon_Omme จำนวน 1000
[04/28/21 15:17:16] [INFO] Tommy_Yun ให้เงินให้กับ Yuan_Jiang จำนวน 100
[04/28/21 17:55:20] [INFO] Omar_Bailey ให้เงินให้กับ Thomas_Vanlatinaz จำนวน 6000
[04/28/21 18:02:51] [INFO] Quavo_Xavier ให้เงินให้กับ Will_Hunting จำนวน 100
[04/28/21 18:56:29] [INFO] Thomas_Vanlatinaz ขาย Benson ในราคา $1 ให้กับ Parasha_Orlenda
[04/28/21 18:56:36] [INFO] Thomas_Vanlatinaz ให้เงินให้กับ Parasha_Orlenda จำนวน 3000
[04/28/21 18:58:50] [INFO] Dion_Armando ให้เงินให้กับ Parasha_Orlenda จำนวน 100000
[04/28/21 19:49:05] [INFO] Killer_Jackson ให้เงินให้กับ Cesar_Verlasquez จำนวน 13000
[04/28/21 19:53:20] [INFO] Omar_Bailey ขาย Berkley's RC Van ในราคา $1 ให้กับ Remondo_Veneziano
[04/28/21 19:54:26] [INFO] Omar_Bailey ให้เงินให้กับ Thomas_Vanlatinaz จำนวน 20000
[04/28/21 20:08:57] [INFO] Omar_Bailey ให้เงินให้กับ Thomas_Vanlatinaz จำนวน 50000
[04/28/21 20:14:26] [INFO] Omar_Bailey ให้เงินให้กับ Thomas_Vanlatinaz จำนวน 2000
[04/28/21 20:14:29] [INFO] Remondo_Veneziano ให้เงินให้กับ Thomas_Vanlatinaz จำนวน 2000
[04/28/21 20:19:47] [INFO] Parasha_Orlenda ให้เงินให้กับ Remondo_Veneziano จำนวน 10000
[04/28/21 20:27:01] [INFO] Buakaw_Matthew ให้เงินให้กับ Thomas_Vanlatinaz จำนวน 8000
[04/28/21 20:42:46] [INFO] David_Maker ให้เงินให้กับ Will_Hunting จำนวน 5
[04/28/21 20:43:20] [INFO] David_Maker ให้เงินให้กับ Will_Hunting จำนวน 55
[04/28/21 20:43:40] [INFO] David_Maker ให้เงินให้กับ Will_Hunting จำนวน 45
[04/28/21 20:43:48] [INFO] David_Maker ให้เงินให้กับ Will_Hunting จำนวน 450
[04/28/21 20:55:46] [INFO] Dion_Armando ให้เงินให้กับ Remondo_Veneziano จำนวน 50000
[04/28/21 21:05:20] [INFO] Dion_Armando ให้เงินให้กับ Remondo_Veneziano จำนวน 100000
[04/28/21 21:28:36] [INFO] Dion_Armando ให้เงินให้กับ Remondo_Veneziano จำนวน 50000
[04/28/21 21:38:22] [INFO] Remondo_Veneziano ให้เงินให้กับ Parasha_Orlenda จำนวน 1
[04/28/21 22:15:11] [INFO] Will_Hunting ให้เงินให้กับ David_Maker จำนวน 15000
[04/28/21 22:23:23] [INFO] Edmund_Kemper ให้เงินให้กับ Jacky_Musk จำนวน 1000
[04/28/21 22:26:10] [INFO] Remondo_Veneziano ให้เงินให้กับ Thomas_Vanlatinaz จำนวน 30000
[04/28/21 23:32:14] [INFO] Edward_Cullan ให้เงินให้กับ Jimmy_Ryan จำนวน 20000
[04/28/21 23:44:42] [INFO] Deshaw_Dexton ให้เงินให้กับ Lance_Haris จำนวน 3000
[04/29/21 01:01:09] [INFO] Omar_Bailey ให้เงินให้กับ Buakaw_Matthew จำนวน 10000
[04/29/21 01:01:16] [INFO] Thomas_Vanlatinaz ให้เงินให้กับ Buakaw_Matthew จำนวน 5000
[04/29/21 01:51:44] [INFO] Jimmy_Ryan ให้เงินให้กับ Deshaw_Dexton จำนวน 3000
[04/29/21 01:52:35] [INFO] Jimmy_Ryan ให้เงินให้กับ Deshaw_Dexton จำนวน 3000
[04/29/21 02:18:17] [INFO] Quavo_Xavier ให้เงินแดงให้กับ Deshaw_Dexton จำนวน 13000
[04/29/21 11:45:04] [INFO] Omar_Bailey ให้เงินให้กับ Thomas_Vanlatinaz จำนวน 200000
[04/29/21 11:57:34] [INFO] Omar_Bailey ให้เงินให้กับ Thomas_Vanlatinaz จำนวน 1
[04/29/21 12:25:00] [INFO] Thomas_Vanlatinaz ให้เงินให้กับ Omar_Bailey จำนวน 20000
[04/29/21 12:25:10] [INFO] Omar_Bailey ให้เงินให้กับ Luciano_Vincent จำนวน 20000
[04/29/21 12:27:53] [INFO] Tommy_Yun ให้เงินให้กับ Tobias_Rzarare จำนวน 30000
[04/29/21 12:33:50] [INFO] Luciano_Vincent ให้เงินให้กับ Thomas_Vanlatinaz จำนวน 19000
[04/29/21 12:57:09] [INFO] Will_Hunting ให้เงินให้กับ David_Maker จำนวน 5000
[04/29/21 13:13:38] [INFO] Deshaw_Dexton ให้เงินให้กับ David_Maker จำนวน 50
[04/29/21 13:18:00] [INFO] Tobias_Rzarare ให้เงินให้กับ Luciano_Vincent จำนวน 30000
[04/29/21 13:29:21] [INFO] Will_Hunting ให้เงินให้กับ David_Maker จำนวน 5
[04/29/21 14:20:43] [INFO] Mike_Xiao ให้เงินให้กับ Cesar_Verlasquez จำนวน 62650
[04/29/21 14:24:56] [INFO] Edward_Cullan ให้ Point ให้กับ Edger_Carlos จำนวน 150
[04/29/21 14:25:02] [INFO] Cesar_Verlasquez ให้เงินให้กับ Carlito_Melo จำนวน 62650
[04/29/21 14:37:35] [INFO] David_Maker ให้เงินให้กับ Will_Hunting จำนวน 9000
[04/29/21 15:24:36] [INFO] Thomas_Vanlatinaz ให้เงินให้กับ Dion_Armando จำนวน 1
[04/29/21 15:25:04] [INFO] Dion_Armando ให้เงินให้กับ Thomas_Vanlatinaz จำนวน 500
[04/29/21 15:43:56] [INFO] Sean_Jordan ให้เงินให้กับ Lennon_Holman จำนวน 1200
[04/29/21 16:27:35] [INFO] Charlie_Beck ให้เงินให้กับ Arnu_Holand จำนวน 1000
[04/29/21 17:17:26] [INFO] Lennon_Holman ให้เงินให้กับ Jason_Withe จำนวน 19000
[04/29/21 17:20:56] [INFO] Jason_Withe ให้เงินให้กับ Lennon_Holman จำนวน 4000
[04/29/21 18:37:22] [INFO] Cesar_Verlasquez ให้เงินให้กับ Johndoe_Eazy จำนวน 5000
[04/29/21 18:55:07] [INFO] Lennon_Holman ให้เงินให้กับ John_Abruzzi จำนวน 10000
[04/29/21 19:06:44] [INFO] Will_Hunting ให้เงินให้กับ David_Maker จำนวน 500
[04/29/21 19:25:39] [INFO] Cesar_Verlasquez ให้เงินให้กับ John_Abruzzi จำนวน 5
[04/29/21 19:25:47] [INFO] Lennon_Holman ให้เงินให้กับ John_Abruzzi จำนวน 9000
[04/29/21 20:40:05] [INFO] Jason_Withe ให้ Score ให้กับ Steven_River จำนวน 9850
[04/29/21 23:22:38] [INFO] Edward_Cullan ขาย Bobcat ในราคา $1 ให้กับ Anthony_Leonard
[04/29/21 23:36:31] [INFO] Jasper_Carin ให้เงินให้กับ Uhcle_Clancy จำนวน 5000
[04/29/21 23:41:56] [INFO] Jasper_Carin ให้เงินให้กับ Uhcle_Clancy จำนวน 5000
[04/30/21 14:22:28] [INFO] Buakaw_Matthew ให้เงินให้กับ Jacky_Musk จำนวน 1000
[04/30/21 17:19:17] [INFO] Johndoe_Eazy ให้เงินให้กับ Cesar_Verlasquez จำนวน 6500
[05/27/21 15:37:44] [INFO] Henry_Burn ให้เงินให้กับ Bobby_Gerry จำนวน 1
[05/27/21 15:37:57] [INFO] Bobby_Gerry ให้เงินให้กับ Henry_Burn จำนวน 2
[05/27/21 18:12:45] [INFO] Arthur_Xavier ให้เงินให้กับ Edit_Winson จำนวน 4000
[05/27/21 19:24:25] [INFO] Tobias_Santiago ให้เงินให้กับ Arthur_Xavier จำนวน 1
[05/27/21 19:24:26] [INFO] Tobias_Santiago ให้เงินให้กับ Arthur_Xavier จำนวน 1
[05/27/21 19:24:30] [INFO] Tobias_Santiago ให้เงินให้กับ Arthur_Xavier จำนวน 1
[05/27/21 19:24:35] [INFO] Tobias_Santiago ให้เงินให้กับ Arthur_Xavier จำนวน 1
[05/27/21 19:24:36] [INFO] Tobias_Santiago ให้เงินให้กับ Arthur_Xavier จำนวน 1
[05/27/21 19:24:37] [INFO] Tobias_Santiago ให้เงินให้กับ Arthur_Xavier จำนวน 1
[05/27/21 19:24:38] [INFO] Tobias_Santiago ให้เงินให้กับ Arthur_Xavier จำนวน 1
[05/27/21 19:24:38] [INFO] Tobias_Santiago ให้เงินให้กับ Arthur_Xavier จำนวน 1
[05/27/21 19:24:39] [INFO] Tobias_Santiago ให้เงินให้กับ Arthur_Xavier จำนวน 1
[05/27/21 19:24:39] [INFO] Tobias_Santiago ให้เงินให้กับ Arthur_Xavier จำนวน 1
[05/27/21 19:24:40] [INFO] Tobias_Santiago ให้เงินให้กับ Arthur_Xavier จำนวน 1
[05/27/21 19:24:40] [INFO] Tobias_Santiago ให้เงินให้กับ Arthur_Xavier จำนวน 1
[05/27/21 19:24:41] [INFO] Tobias_Santiago ให้เงินให้กับ Arthur_Xavier จำนวน 1
[05/27/21 19:24:41] [INFO] Tobias_Santiago ให้เงินให้กับ Arthur_Xavier จำนวน 1
[05/27/21 19:24:42] [INFO] Tobias_Santiago ให้เงินให้กับ Arthur_Xavier จำนวน 1
[05/27/21 19:58:48] [INFO] Arthur_Xavier ให้เงินให้กับ Ryder_Wise จำนวน 1000
[05/27/21 20:40:27] [INFO] Edit_Winson ขาย Tow Truck ในราคา $1 ให้กับ Jaymore_Johnson
[05/27/21 21:49:02] [INFO] Edit_Winson ให้เงินให้กับ Arthur_Xavier จำนวน 400
[05/27/21 22:01:13] [INFO] Jacob_Smith ขาย Savanna ในราคา $0 ให้กับ Bobby_Gerry
[05/27/21 22:11:50] [INFO] Darnell_Minton ให้เงินให้กับ Arthur_Xavier จำนวน 76
[05/28/21 09:47:48] [INFO] Thomas_Tallen ให้เงินให้กับ James_Glant จำนวน 3000
[05/28/21 11:16:55] [INFO] Jacob_Smith ให้ Point ให้กับ Bobby_Gerry จำนวน 200
[05/28/21 13:03:10] [INFO] Bobby_Gerry ให้เงินให้กับ Ryder_Wise จำนวน 5000
[05/28/21 13:04:38] [INFO] Bobby_Gerry ให้เงินให้กับ Darnell_Minton จำนวน 1000
[05/28/21 13:22:55] [INFO] Thomas_Tallen ให้เงินให้กับ Angelo_Walker จำนวน 880000
[05/28/21 13:32:06] [INFO] Jaymore_Johnson ให้เงินให้กับ Edit_Winson จำนวน 5000
[05/28/21 14:20:18] [INFO] Bobby_Gerry ให้เงินให้กับ Matthew_Johnson จำนวน 5000
[05/28/21 14:32:09] [INFO] Jimmy_Johnson ให้เงินให้กับ Jacob_Smith จำนวน 20000
[05/28/21 14:42:55] [INFO] Angelo_Walker ให้เงินให้กับ Jacob_Smith จำนวน 200000
[05/28/21 15:01:35] [INFO] Jaymore_Johnson ให้เงินให้กับ Matthew_Johnson จำนวน 5000
[05/28/21 17:13:49] [INFO] Jaymore_Johnson ให้เงินให้กับ Ryder_Wise จำนวน 3000
[05/28/21 18:05:04] [INFO] Thomas_Tallen ให้เงินให้กับ Hyon_Liam จำนวน 1000
[05/28/21 18:05:21] [INFO] Thomas_Tallen ให้เงินให้กับ Hyon_Liam จำนวน 5000
[05/28/21 18:32:14] [INFO] Thomas_Tallen ให้เงินให้กับ Hyon_Liam จำนวน 50003
[05/28/21 19:05:01] [INFO] Henry_Burn ให้เงินให้กับ Johndoe_Eazy จำนวน 2000
[05/28/21 19:14:33] [INFO] Jimmy_Johnson ให้เงินให้กับ Aaron_Glassman จำนวน 150
[05/28/21 19:35:05] [INFO] Devin_Hotel ให้เงินให้กับ Arthur_Xavier จำนวน 200
[05/28/21 20:13:11] [INFO] Johndoe_Eazy ให้เงินให้กับ Jaycee_Rogers จำนวน 140
[05/28/21 20:13:19] [INFO] Johndoe_Eazy ให้เงินให้กับ Jaycee_Rogers จำนวน 70
[05/28/21 21:13:11] [INFO] Terry_Brooks ให้เงินให้กับ Randy_Mason จำนวน 5
[05/28/21 21:25:12] [INFO] Abraham_Hamid ให้เงินให้กับ Deion_Brookside จำนวน 50
[05/28/21 21:25:28] [INFO] Abraham_Hamid ให้เงินให้กับ Deion_Brookside จำนวน 50
[05/28/21 21:38:23] [INFO] Cynthia_Whoodie ให้เงินให้กับ Abraham_Hamid จำนวน 4900
[05/28/21 21:53:12] [INFO] Thomas_Tallen ให้เงินให้กับ Jaycee_Rogers จำนวน 5000
[05/28/21 21:53:18] [INFO] Thomas_Tallen ให้เงินให้กับ Dexter_Willson จำนวน 5000
[05/28/21 21:53:25] [INFO] Thomas_Tallen ให้เงินให้กับ Rich_Roys จำนวน 5000
[05/28/21 22:38:57] [INFO] Bobby_Gerry ให้เงินให้กับ Henry_Burn จำนวน 1
[05/28/21 22:39:23] [INFO] Henry_Burn ขาย Elegy ในราคา $50,000 ให้กับ Bobby_Gerry
[05/28/21 22:53:43] [INFO] Aaron_Glassman ให้เงินให้กับ Uhcle_Clancy จำนวน 500
[05/28/21 23:14:28] [INFO] Thomas_Tallen ให้เงินให้กับ Hyon_Liam จำนวน 1000
[05/28/21 23:14:29] [INFO] Thomas_Tallen ให้เงินให้กับ Hyon_Liam จำนวน 1000
[05/28/21 23:14:34] [INFO] Thomas_Tallen ให้เงินให้กับ Hyon_Liam จำนวน 10000
[05/28/21 23:47:53] [INFO] Jaycee_Rogers ให้เงินให้กับ Rich_Roys จำนวน 70
[05/28/21 23:48:31] [INFO] Abraham_Hamid ให้เงินให้กับ Deion_Brookside จำนวน 3000
[05/28/21 23:51:15] [INFO] Jaycee_Rogers ให้เงินให้กับ Rich_Roys จำนวน 240
[05/29/21 00:58:25] [INFO] Jacob_Smith ให้เงินให้กับ Marcelo_Barbosa จำนวน 5000
[05/29/21 00:58:30] [INFO] Jacob_Smith ให้เงินให้กับ Uhcle_Clancy จำนวน 5000
[05/29/21 01:17:37] [INFO] Deion_Brookside ให้เงินให้กับ Jaylen_Stallworth จำนวน 3000
[05/29/21 01:26:02] [INFO] Deion_Brookside ให้เงินให้กับ Jaylen_Stallworth จำนวน 7500
[05/29/21 07:38:10] [INFO] Cynthia_Whoodie ให้เงินให้กับ River_Parez จำนวน 115000
[05/29/21 07:49:29] [INFO] Darnell_Minton ให้เงินให้กับ Cynthia_Whoodie จำนวน 500
[05/29/21 08:45:26] [INFO] Cynthia_Whoodie ให้เงินให้กับ River_Parez จำนวน 41748
[05/29/21 08:57:18] [INFO] River_Parez ให้เงินให้กับ Matthew_Johnson จำนวน 4999
[05/29/21 09:05:29] [INFO] Matthew_Johnson ให้เงินให้กับ Johndoe_Eazy จำนวน 1000
[05/29/21 10:07:14] [INFO] Aaron_Glassman ให้เงินให้กับ Darnell_Minton จำนวน 1500
[05/29/21 11:02:57] [INFO] Arthur_Xavier ให้เงินให้กับ Jackson_Park จำนวน 10000
[05/29/21 11:07:42] [INFO] River_Parez ให้เงินให้กับ Jaymore_Harmington จำนวน 10000
[05/29/21 11:20:37] [INFO] Angelo_Walker ให้เงินให้กับ Matthew_Johnson จำนวน 5000
[05/29/21 11:27:13] [INFO] Zareen_James ให้เงินให้กับ James_Glant จำนวน 90000
[05/29/21 11:27:50] [INFO] Zareen_James ให้เงินให้กับ James_Glant จำนวน 100000
[05/29/21 11:39:40] [INFO] Zareen_James ให้เงินให้กับ Angelo_Walker จำนวน 1532300
[05/29/21 12:27:54] [INFO] Arthur_Xavier ขาย Elegy ในราคา $1 ให้กับ Jacob_Smith
[05/29/21 12:30:17] [INFO] Arthur_Xavier ขาย Savanna ในราคา $1 ให้กับ Jacob_Smith
[05/29/21 12:33:18] [INFO] Arthur_Xavier ขาย Wayfarer ในราคา $1 ให้กับ Jacob_Smith
[05/29/21 12:36:32] [INFO] Arthur_Xavier ขาย Taxi ในราคา $1 ให้กับ Jacob_Smith
[05/29/21 12:38:17] [INFO] Arthur_Xavier ขาย Dinghy ในราคา $1 ให้กับ Jacob_Smith
[05/29/21 13:14:29] [INFO] River_Parez ให้เงินให้กับ Darnell_Minton จำนวน 3000
[05/29/21 15:30:02] [INFO] Jackson_Park ให้เงินให้กับ Arthur_Xavier จำนวน 10000
[05/29/21 15:50:42] [INFO] Arthur_Xavier ให้เงินให้กับ Jackson_Park จำนวน 5000
[05/29/21 15:52:36] [INFO] Jacob_Smith ให้เงินให้กับ Ryan_Carson จำนวน 120000
[05/29/21 15:53:15] [INFO] Arthur_Xavier ให้เงินให้กับ Jackson_Park จำนวน 1000
[05/29/21 16:17:45] [INFO] Rich_Roys ให้เงินให้กับ Hart_Jordan จำนวน 100
[05/29/21 16:17:56] [INFO] Rich_Roys ให้เงินให้กับ Hart_Jordan จำนวน 100
[05/29/21 16:34:49] [INFO] Abraham_Hamid ให้เงินให้กับ Deion_Brookside จำนวน 1000
[05/29/21 16:59:46] [INFO] Uhcle_Clancy ให้เงินให้กับ Stafan_Chilly จำนวน 500
[05/29/21 17:14:08] [INFO] Abraham_Hamid ให้เงินให้กับ Rayvonte_Kingston จำนวน 3000
[05/29/21 17:14:12] [INFO] Abraham_Hamid ให้เงินให้กับ Cynthia_Whoodie จำนวน 2000
[05/29/21 17:14:40] [INFO] Rayvonte_Kingston ให้เงินให้กับ Abraham_Hamid จำนวน 2000
[05/29/21 17:33:48] [INFO] River_Parez ให้เงินให้กับ Cynthia_Whoodie จำนวน 110000
[05/29/21 17:58:17] [INFO] Werat_Rashford ให้เงินให้กับ Lucas_Anderson จำนวน 5
[05/29/21 17:58:19] [INFO] Werat_Rashford ให้เงินให้กับ Lucas_Anderson จำนวน 5
[05/29/21 17:58:27] [INFO] Werat_Rashford ให้เงินให้กับ Lucas_Anderson จำนวน 5
[05/29/21 17:58:29] [INFO] Werat_Rashford ให้เงินให้กับ Lucas_Anderson จำนวน 5
[05/29/21 17:58:30] [INFO] Werat_Rashford ให้เงินให้กับ Lucas_Anderson จำนวน 5
[05/29/21 17:58:40] [INFO] Werat_Rashford ให้เงินให้กับ Lucas_Anderson จำนวน 5
[05/29/21 17:58:41] [INFO] Werat_Rashford ให้เงินให้กับ Lucas_Anderson จำนวน 5
[05/29/21 17:58:42] [INFO] Werat_Rashford ให้เงินให้กับ Lucas_Anderson จำนวน 5
[05/29/21 17:58:43] [INFO] Werat_Rashford ให้เงินให้กับ Lucas_Anderson จำนวน 5
[05/29/21 17:58:44] [INFO] Werat_Rashford ให้เงินให้กับ Lucas_Anderson จำนวน 5
[05/29/21 17:58:45] [INFO] Werat_Rashford ให้เงินให้กับ Lucas_Anderson จำนวน 5
[05/29/21 17:58:45] [INFO] Werat_Rashford ให้เงินให้กับ Lucas_Anderson จำนวน 5
[05/29/21 17:58:47] [INFO] Werat_Rashford ให้เงินให้กับ Lucas_Anderson จำนวน 5
[05/29/21 17:58:48] [INFO] Werat_Rashford ให้เงินให้กับ Lucas_Anderson จำนวน 5
[05/29/21 17:58:49] [INFO] Werat_Rashford ให้เงินให้กับ Lucas_Anderson จำนวน 5
[05/29/21 17:58:50] [INFO] Werat_Rashford ให้เงินให้กับ Lucas_Anderson จำนวน 5
[05/29/21 17:58:51] [INFO] Werat_Rashford ให้เงินให้กับ Lucas_Anderson จำนวน 5
[05/29/21 17:58:52] [INFO] Werat_Rashford ให้เงินให้กับ Lucas_Anderson จำนวน 5
[05/29/21 17:58:53] [INFO] Werat_Rashford ให้เงินให้กับ Lucas_Anderson จำนวน 5
[05/29/21 17:58:58] [INFO] Werat_Rashford ให้เงินให้กับ Lucas_Anderson จำนวน 5
[05/29/21 19:39:35] [INFO] Arthur_Xavier ให้เงินให้กับ Jackson_Park จำนวน 56000
[05/29/21 20:28:29] [INFO] Jackson_Park ให้เงินให้กับ Arthur_Xavier จำนวน 20000
[05/29/21 20:47:26] [INFO] Abraham_Hamid ให้เงินให้กับ Deion_Brookside จำนวน 10000
[05/29/21 21:08:49] [INFO] Abraxas_Rodriquez ให้เงินให้กับ Johndoe_Eazy จำนวน 35890
[05/29/21 21:14:03] [INFO] Matthew_Johnson ให้เงินให้กับ Jaymore_Johnson จำนวน 3000
[05/29/21 21:15:43] [INFO] Arthur_Xavier ให้เงินให้กับ Marcelo_Barbosa จำนวน 10000
[05/29/21 21:15:52] [INFO] Johndoe_Eazy ให้เงินให้กับ Alex_Mahone จำนวน 35890
[05/29/21 21:30:16] [INFO] Henry_Burn ให้เงินให้กับ Jaymore_Johnson จำนวน 12000
[05/29/21 22:05:35] [INFO] Bobby_Gerry ให้เงินให้กับ Jaymore_Johnson จำนวน 2000
[05/29/21 22:14:59] [INFO] Jaymore_Johnson ให้เงินให้กับ Benny_Farewell จำนวน 300
[05/29/21 22:28:22] [INFO] Abraham_Hamid ให้เงินให้กับ Deion_Brookside จำนวน 500
[05/29/21 22:33:39] [INFO] Arthur_Xavier ให้เงินให้กับ Edmund_Smith จำนวน 5000
[05/29/21 22:45:20] [INFO] Bobby_Gerry ให้เงินให้กับ Jaymore_Johnson จำนวน 20000
[05/29/21 22:53:45] [INFO] Bobby_Gerry ให้เงินให้กับ Jaymore_Johnson จำนวน 20000
[05/29/21 22:59:21] [INFO] Jaymore_Johnson ให้เงินแดงให้กับ Bobby_Gerry จำนวน 26000
[05/29/21 23:02:39] [INFO] Bobby_Gerry ให้เงินให้กับ Jaymore_Johnson จำนวน 12000
[05/29/21 23:11:40] [INFO] Matthew_Johnson ให้เงินให้กับ Alex_Mahone จำนวน 5000
[05/29/21 23:14:49] [INFO] Deion_Brookside ให้เงินให้กับ Abraham_Hamid จำนวน 50000
[05/29/21 23:19:40] [INFO] Abraham_Hamid ให้เงินให้กับ Jaylen_Stallworth จำนวน 50000
[05/29/21 23:25:30] [INFO] Rich_Roys ให้เงินให้กับ Alex_Mahone จำนวน 28000
[05/29/21 23:32:39] [INFO] Rich_Roys ให้เงินให้กับ Alex_Mahone จำนวน 7000
[05/30/21 00:43:03] [INFO] Deion_Brookside ให้เงินให้กับ Jaylen_Stallworth จำนวน 3000
[05/30/21 01:25:39] [INFO] Alex_Mahone ให้เงินให้กับ Werat_Rashford จำนวน 300
[05/30/21 01:26:28] [INFO] Alex_Mahone ให้เงินให้กับ Werat_Rashford จำนวน 300
[05/30/21 01:27:56] [INFO] Alex_Mahone ให้เงินให้กับ Werat_Rashford จำนวน 300
